   1              		.syntax unified
   2              		.cpu cortex-m3
   3              		.fpu softvfp
   4              		.eabi_attribute 20, 1
   5              		.eabi_attribute 21, 1
   6              		.eabi_attribute 23, 3
   7              		.eabi_attribute 24, 1
   8              		.eabi_attribute 25, 1
   9              		.eabi_attribute 26, 1
  10              		.eabi_attribute 30, 6
  11              		.eabi_attribute 34, 1
  12              		.eabi_attribute 18, 4
  13              		.thumb
  14              		.file	"stm32f10x_exti.c"
  15              		.text
  16              	.Ltext0:
  17              		.cfi_sections	.debug_frame
  18              		.section	.text.EXTI_DeInit,"ax",%progbits
  19              		.align	2
  20              		.global	EXTI_DeInit
  21              		.thumb
  22              		.thumb_func
  24              	EXTI_DeInit:
  25              	.LFB29:
  26              		.file 1 "../StdPeripheralDriver/src/stm32f10x_exti.c"
   1:../StdPeripheralDriver/src/stm32f10x_exti.c **** /**
   2:../StdPeripheralDriver/src/stm32f10x_exti.c ****  ******************************************************************************
   3:../StdPeripheralDriver/src/stm32f10x_exti.c ****  * @file    stm32f10x_exti.c
   4:../StdPeripheralDriver/src/stm32f10x_exti.c ****  * @author  MCD Application Team
   5:../StdPeripheralDriver/src/stm32f10x_exti.c ****  * @version V3.5.0
   6:../StdPeripheralDriver/src/stm32f10x_exti.c ****  * @date    11-March-2011
   7:../StdPeripheralDriver/src/stm32f10x_exti.c ****  * @brief   This file provides all the EXTI firmware functions.
   8:../StdPeripheralDriver/src/stm32f10x_exti.c ****  ******************************************************************************
   9:../StdPeripheralDriver/src/stm32f10x_exti.c ****  * @attention
  10:../StdPeripheralDriver/src/stm32f10x_exti.c ****  *
  11:../StdPeripheralDriver/src/stm32f10x_exti.c ****  * THE PRESENT FIRMWARE WHICH IS FOR GUIDANCE ONLY AIMS AT PROVIDING CUSTOMERS
  12:../StdPeripheralDriver/src/stm32f10x_exti.c ****  * WITH CODING INFORMATION REGARDING THEIR PRODUCTS IN ORDER FOR THEM TO SAVE
  13:../StdPeripheralDriver/src/stm32f10x_exti.c ****  * TIME. AS A RESULT, STMICROELECTRONICS SHALL NOT BE HELD LIABLE FOR ANY
  14:../StdPeripheralDriver/src/stm32f10x_exti.c ****  * DIRECT, INDIRECT OR CONSEQUENTIAL DAMAGES WITH RESPECT TO ANY CLAIMS ARISING
  15:../StdPeripheralDriver/src/stm32f10x_exti.c ****  * FROM THE CONTENT OF SUCH FIRMWARE AND/OR THE USE MADE BY CUSTOMERS OF THE
  16:../StdPeripheralDriver/src/stm32f10x_exti.c ****  * CODING INFORMATION CONTAINED HEREIN IN CONNECTION WITH THEIR PRODUCTS.
  17:../StdPeripheralDriver/src/stm32f10x_exti.c ****  *
  18:../StdPeripheralDriver/src/stm32f10x_exti.c ****  * <h2><center>&copy; COPYRIGHT 2011 STMicroelectronics</center></h2>
  19:../StdPeripheralDriver/src/stm32f10x_exti.c ****  ******************************************************************************
  20:../StdPeripheralDriver/src/stm32f10x_exti.c ****  */
  21:../StdPeripheralDriver/src/stm32f10x_exti.c **** 
  22:../StdPeripheralDriver/src/stm32f10x_exti.c **** /* Includes ------------------------------------------------------------------*/
  23:../StdPeripheralDriver/src/stm32f10x_exti.c **** #include "stm32f10x_exti.h"
  24:../StdPeripheralDriver/src/stm32f10x_exti.c **** 
  25:../StdPeripheralDriver/src/stm32f10x_exti.c **** /** @addtogroup STM32F10x_StdPeriph_Driver
  26:../StdPeripheralDriver/src/stm32f10x_exti.c ****  * @{
  27:../StdPeripheralDriver/src/stm32f10x_exti.c ****  */
  28:../StdPeripheralDriver/src/stm32f10x_exti.c **** 
  29:../StdPeripheralDriver/src/stm32f10x_exti.c **** /** @defgroup EXTI 
  30:../StdPeripheralDriver/src/stm32f10x_exti.c ****  * @brief EXTI driver modules
  31:../StdPeripheralDriver/src/stm32f10x_exti.c ****  * @{
  32:../StdPeripheralDriver/src/stm32f10x_exti.c ****  */
  33:../StdPeripheralDriver/src/stm32f10x_exti.c **** 
  34:../StdPeripheralDriver/src/stm32f10x_exti.c **** /** @defgroup EXTI_Private_TypesDefinitions
  35:../StdPeripheralDriver/src/stm32f10x_exti.c ****  * @{
  36:../StdPeripheralDriver/src/stm32f10x_exti.c ****  */
  37:../StdPeripheralDriver/src/stm32f10x_exti.c **** 
  38:../StdPeripheralDriver/src/stm32f10x_exti.c **** /**
  39:../StdPeripheralDriver/src/stm32f10x_exti.c ****  * @}
  40:../StdPeripheralDriver/src/stm32f10x_exti.c ****  */
  41:../StdPeripheralDriver/src/stm32f10x_exti.c **** 
  42:../StdPeripheralDriver/src/stm32f10x_exti.c **** /** @defgroup EXTI_Private_Defines
  43:../StdPeripheralDriver/src/stm32f10x_exti.c ****  * @{
  44:../StdPeripheralDriver/src/stm32f10x_exti.c ****  */
  45:../StdPeripheralDriver/src/stm32f10x_exti.c **** 
  46:../StdPeripheralDriver/src/stm32f10x_exti.c **** #define EXTI_LINENONE    ((uint32_t)0x00000)  /* No interrupt selected */
  47:../StdPeripheralDriver/src/stm32f10x_exti.c **** 
  48:../StdPeripheralDriver/src/stm32f10x_exti.c **** /**
  49:../StdPeripheralDriver/src/stm32f10x_exti.c ****  * @}
  50:../StdPeripheralDriver/src/stm32f10x_exti.c ****  */
  51:../StdPeripheralDriver/src/stm32f10x_exti.c **** 
  52:../StdPeripheralDriver/src/stm32f10x_exti.c **** /** @defgroup EXTI_Private_Macros
  53:../StdPeripheralDriver/src/stm32f10x_exti.c ****  * @{
  54:../StdPeripheralDriver/src/stm32f10x_exti.c ****  */
  55:../StdPeripheralDriver/src/stm32f10x_exti.c **** 
  56:../StdPeripheralDriver/src/stm32f10x_exti.c **** /**
  57:../StdPeripheralDriver/src/stm32f10x_exti.c ****  * @}
  58:../StdPeripheralDriver/src/stm32f10x_exti.c ****  */
  59:../StdPeripheralDriver/src/stm32f10x_exti.c **** 
  60:../StdPeripheralDriver/src/stm32f10x_exti.c **** /** @defgroup EXTI_Private_Variables
  61:../StdPeripheralDriver/src/stm32f10x_exti.c ****  * @{
  62:../StdPeripheralDriver/src/stm32f10x_exti.c ****  */
  63:../StdPeripheralDriver/src/stm32f10x_exti.c **** 
  64:../StdPeripheralDriver/src/stm32f10x_exti.c **** /**
  65:../StdPeripheralDriver/src/stm32f10x_exti.c ****  * @}
  66:../StdPeripheralDriver/src/stm32f10x_exti.c ****  */
  67:../StdPeripheralDriver/src/stm32f10x_exti.c **** 
  68:../StdPeripheralDriver/src/stm32f10x_exti.c **** /** @defgroup EXTI_Private_FunctionPrototypes
  69:../StdPeripheralDriver/src/stm32f10x_exti.c ****  * @{
  70:../StdPeripheralDriver/src/stm32f10x_exti.c ****  */
  71:../StdPeripheralDriver/src/stm32f10x_exti.c **** 
  72:../StdPeripheralDriver/src/stm32f10x_exti.c **** /**
  73:../StdPeripheralDriver/src/stm32f10x_exti.c ****  * @}
  74:../StdPeripheralDriver/src/stm32f10x_exti.c ****  */
  75:../StdPeripheralDriver/src/stm32f10x_exti.c **** 
  76:../StdPeripheralDriver/src/stm32f10x_exti.c **** /** @defgroup EXTI_Private_Functions
  77:../StdPeripheralDriver/src/stm32f10x_exti.c ****  * @{
  78:../StdPeripheralDriver/src/stm32f10x_exti.c ****  */
  79:../StdPeripheralDriver/src/stm32f10x_exti.c **** 
  80:../StdPeripheralDriver/src/stm32f10x_exti.c **** /**
  81:../StdPeripheralDriver/src/stm32f10x_exti.c ****  * @brief  Deinitializes the EXTI peripheral registers to their default reset values.
  82:../StdPeripheralDriver/src/stm32f10x_exti.c ****  * @param  None
  83:../StdPeripheralDriver/src/stm32f10x_exti.c ****  * @retval None
  84:../StdPeripheralDriver/src/stm32f10x_exti.c ****  */
  85:../StdPeripheralDriver/src/stm32f10x_exti.c **** void EXTI_DeInit(void) {
  27              		.loc 1 85 0
  28              		.cfi_startproc
  29              		@ args = 0, pretend = 0, frame = 0
  30              		@ frame_needed = 1, uses_anonymous_args = 0
  31              		@ link register save eliminated.
  32 0000 80B4     		push	{r7}
  33              	.LCFI0:
  34              		.cfi_def_cfa_offset 4
  35              		.cfi_offset 7, -4
  36 0002 00AF     		add	r7, sp, #0
  37              	.LCFI1:
  38              		.cfi_def_cfa_register 7
  86:../StdPeripheralDriver/src/stm32f10x_exti.c **** 	EXTI ->IMR = 0x00000000;
  39              		.loc 1 86 0
  40 0004 4FF48063 		mov	r3, #1024
  41 0008 C4F20103 		movt	r3, 16385
  42 000c 4FF00002 		mov	r2, #0
  43 0010 1A60     		str	r2, [r3, #0]
  87:../StdPeripheralDriver/src/stm32f10x_exti.c **** 	EXTI ->EMR = 0x00000000;
  44              		.loc 1 87 0
  45 0012 4FF48063 		mov	r3, #1024
  46 0016 C4F20103 		movt	r3, 16385
  47 001a 4FF00002 		mov	r2, #0
  48 001e 5A60     		str	r2, [r3, #4]
  88:../StdPeripheralDriver/src/stm32f10x_exti.c **** 	EXTI ->RTSR = 0x00000000;
  49              		.loc 1 88 0
  50 0020 4FF48063 		mov	r3, #1024
  51 0024 C4F20103 		movt	r3, 16385
  52 0028 4FF00002 		mov	r2, #0
  53 002c 9A60     		str	r2, [r3, #8]
  89:../StdPeripheralDriver/src/stm32f10x_exti.c **** 	EXTI ->FTSR = 0x00000000;
  54              		.loc 1 89 0
  55 002e 4FF48063 		mov	r3, #1024
  56 0032 C4F20103 		movt	r3, 16385
  57 0036 4FF00002 		mov	r2, #0
  58 003a DA60     		str	r2, [r3, #12]
  90:../StdPeripheralDriver/src/stm32f10x_exti.c **** 	EXTI ->PR = 0x000FFFFF;
  59              		.loc 1 90 0
  60 003c 4FF48063 		mov	r3, #1024
  61 0040 C4F20103 		movt	r3, 16385
  62 0044 4FF6FF72 		movw	r2, #65535
  63 0048 C0F20F02 		movt	r2, 15
  64 004c 5A61     		str	r2, [r3, #20]
  91:../StdPeripheralDriver/src/stm32f10x_exti.c **** }
  65              		.loc 1 91 0
  66 004e BD46     		mov	sp, r7
  67 0050 80BC     		pop	{r7}
  68 0052 7047     		bx	lr
  69              		.cfi_endproc
  70              	.LFE29:
  72              		.section	.text.EXTI_Init,"ax",%progbits
  73              		.align	2
  74              		.global	EXTI_Init
  75              		.thumb
  76              		.thumb_func
  78              	EXTI_Init:
  79              	.LFB30:
  92:../StdPeripheralDriver/src/stm32f10x_exti.c **** 
  93:../StdPeripheralDriver/src/stm32f10x_exti.c **** /**
  94:../StdPeripheralDriver/src/stm32f10x_exti.c ****  * @brief  Initializes the EXTI peripheral according to the specified
  95:../StdPeripheralDriver/src/stm32f10x_exti.c ****  *         parameters in the EXTI_InitStruct.
  96:../StdPeripheralDriver/src/stm32f10x_exti.c ****  * @param  EXTI_InitStruct: pointer to a EXTI_InitTypeDef structure
  97:../StdPeripheralDriver/src/stm32f10x_exti.c ****  *         that contains the configuration information for the EXTI peripheral.
  98:../StdPeripheralDriver/src/stm32f10x_exti.c ****  * @retval None
  99:../StdPeripheralDriver/src/stm32f10x_exti.c ****  */
 100:../StdPeripheralDriver/src/stm32f10x_exti.c **** void EXTI_Init(EXTI_InitTypeDef* EXTI_InitStruct) {
  80              		.loc 1 100 0
  81              		.cfi_startproc
  82              		@ args = 0, pretend = 0, frame = 16
  83              		@ frame_needed = 1, uses_anonymous_args = 0
  84              		@ link register save eliminated.
  85 0000 80B4     		push	{r7}
  86              	.LCFI2:
  87              		.cfi_def_cfa_offset 4
  88              		.cfi_offset 7, -4
  89 0002 85B0     		sub	sp, sp, #20
  90              	.LCFI3:
  91              		.cfi_def_cfa_offset 24
  92 0004 00AF     		add	r7, sp, #0
  93              	.LCFI4:
  94              		.cfi_def_cfa_register 7
  95 0006 7860     		str	r0, [r7, #4]
 101:../StdPeripheralDriver/src/stm32f10x_exti.c **** 	uint32_t tmp = 0;
  96              		.loc 1 101 0
  97 0008 4FF00003 		mov	r3, #0
  98 000c FB60     		str	r3, [r7, #12]
 102:../StdPeripheralDriver/src/stm32f10x_exti.c **** 
 103:../StdPeripheralDriver/src/stm32f10x_exti.c **** 	/* Check the parameters */
 104:../StdPeripheralDriver/src/stm32f10x_exti.c **** 	assert_param(IS_EXTI_MODE(EXTI_InitStruct->EXTI_Mode)); assert_param(IS_EXTI_TRIGGER(EXTI_InitStru
 105:../StdPeripheralDriver/src/stm32f10x_exti.c **** 
 106:../StdPeripheralDriver/src/stm32f10x_exti.c **** 	tmp = (uint32_t) EXTI_BASE;
  99              		.loc 1 106 0
 100 000e 4FF48063 		mov	r3, #1024
 101 0012 C4F20103 		movt	r3, 16385
 102 0016 FB60     		str	r3, [r7, #12]
 107:../StdPeripheralDriver/src/stm32f10x_exti.c **** 
 108:../StdPeripheralDriver/src/stm32f10x_exti.c **** 	if (EXTI_InitStruct->EXTI_LineCmd != DISABLE) {
 103              		.loc 1 108 0
 104 0018 7B68     		ldr	r3, [r7, #4]
 105 001a 9B79     		ldrb	r3, [r3, #6]	@ zero_extendqisi2
 106 001c 002B     		cmp	r3, #0
 107 001e 78D0     		beq	.L3
 109:../StdPeripheralDriver/src/stm32f10x_exti.c **** 		/* Clear EXTI line configuration */
 110:../StdPeripheralDriver/src/stm32f10x_exti.c **** 		EXTI ->IMR &= ~EXTI_InitStruct->EXTI_Line;
 108              		.loc 1 110 0
 109 0020 4FF48063 		mov	r3, #1024
 110 0024 C4F20103 		movt	r3, 16385
 111 0028 4FF48062 		mov	r2, #1024
 112 002c C4F20102 		movt	r2, 16385
 113 0030 1168     		ldr	r1, [r2, #0]
 114 0032 7A68     		ldr	r2, [r7, #4]
 115 0034 1268     		ldr	r2, [r2, #0]
 116 0036 6FEA0202 		mvn	r2, r2
 117 003a 0A40     		ands	r2, r2, r1
 118 003c 1A60     		str	r2, [r3, #0]
 111:../StdPeripheralDriver/src/stm32f10x_exti.c **** 		EXTI ->EMR &= ~EXTI_InitStruct->EXTI_Line;
 119              		.loc 1 111 0
 120 003e 4FF48063 		mov	r3, #1024
 121 0042 C4F20103 		movt	r3, 16385
 122 0046 4FF48062 		mov	r2, #1024
 123 004a C4F20102 		movt	r2, 16385
 124 004e 5168     		ldr	r1, [r2, #4]
 125 0050 7A68     		ldr	r2, [r7, #4]
 126 0052 1268     		ldr	r2, [r2, #0]
 127 0054 6FEA0202 		mvn	r2, r2
 128 0058 0A40     		ands	r2, r2, r1
 129 005a 5A60     		str	r2, [r3, #4]
 112:../StdPeripheralDriver/src/stm32f10x_exti.c **** 
 113:../StdPeripheralDriver/src/stm32f10x_exti.c **** 		tmp += EXTI_InitStruct->EXTI_Mode;
 130              		.loc 1 113 0
 131 005c 7B68     		ldr	r3, [r7, #4]
 132 005e 1B79     		ldrb	r3, [r3, #4]	@ zero_extendqisi2
 133 0060 FA68     		ldr	r2, [r7, #12]
 134 0062 D318     		adds	r3, r2, r3
 135 0064 FB60     		str	r3, [r7, #12]
 114:../StdPeripheralDriver/src/stm32f10x_exti.c **** 
 115:../StdPeripheralDriver/src/stm32f10x_exti.c **** 		*(__IO uint32_t *) tmp |= EXTI_InitStruct->EXTI_Line;
 136              		.loc 1 115 0
 137 0066 FB68     		ldr	r3, [r7, #12]
 138 0068 FA68     		ldr	r2, [r7, #12]
 139 006a 1168     		ldr	r1, [r2, #0]
 140 006c 7A68     		ldr	r2, [r7, #4]
 141 006e 1268     		ldr	r2, [r2, #0]
 142 0070 0A43     		orrs	r2, r2, r1
 143 0072 1A60     		str	r2, [r3, #0]
 116:../StdPeripheralDriver/src/stm32f10x_exti.c **** 
 117:../StdPeripheralDriver/src/stm32f10x_exti.c **** 		/* Clear Rising Falling edge configuration */EXTI ->RTSR &=
 144              		.loc 1 117 0
 145 0074 4FF48063 		mov	r3, #1024
 146 0078 C4F20103 		movt	r3, 16385
 147 007c 4FF48062 		mov	r2, #1024
 148 0080 C4F20102 		movt	r2, 16385
 149 0084 9168     		ldr	r1, [r2, #8]
 118:../StdPeripheralDriver/src/stm32f10x_exti.c **** 				~EXTI_InitStruct->EXTI_Line;
 150              		.loc 1 118 0
 151 0086 7A68     		ldr	r2, [r7, #4]
 152 0088 1268     		ldr	r2, [r2, #0]
 153 008a 6FEA0202 		mvn	r2, r2
 117:../StdPeripheralDriver/src/stm32f10x_exti.c **** 		/* Clear Rising Falling edge configuration */EXTI ->RTSR &=
 154              		.loc 1 117 0
 155 008e 0A40     		ands	r2, r2, r1
 156 0090 9A60     		str	r2, [r3, #8]
 119:../StdPeripheralDriver/src/stm32f10x_exti.c **** 		EXTI ->FTSR &= ~EXTI_InitStruct->EXTI_Line;
 157              		.loc 1 119 0
 158 0092 4FF48063 		mov	r3, #1024
 159 0096 C4F20103 		movt	r3, 16385
 160 009a 4FF48062 		mov	r2, #1024
 161 009e C4F20102 		movt	r2, 16385
 162 00a2 D168     		ldr	r1, [r2, #12]
 163 00a4 7A68     		ldr	r2, [r7, #4]
 164 00a6 1268     		ldr	r2, [r2, #0]
 165 00a8 6FEA0202 		mvn	r2, r2
 166 00ac 0A40     		ands	r2, r2, r1
 167 00ae DA60     		str	r2, [r3, #12]
 120:../StdPeripheralDriver/src/stm32f10x_exti.c **** 
 121:../StdPeripheralDriver/src/stm32f10x_exti.c **** 		/* Select the trigger for the selected external interrupts */
 122:../StdPeripheralDriver/src/stm32f10x_exti.c **** 		if (EXTI_InitStruct->EXTI_Trigger == EXTI_Trigger_Rising_Falling) {
 168              		.loc 1 122 0
 169 00b0 7B68     		ldr	r3, [r7, #4]
 170 00b2 5B79     		ldrb	r3, [r3, #5]	@ zero_extendqisi2
 171 00b4 102B     		cmp	r3, #16
 172 00b6 1AD1     		bne	.L4
 123:../StdPeripheralDriver/src/stm32f10x_exti.c **** 			/* Rising Falling edge */
 124:../StdPeripheralDriver/src/stm32f10x_exti.c **** 			EXTI ->RTSR |= EXTI_InitStruct->EXTI_Line;
 173              		.loc 1 124 0
 174 00b8 4FF48063 		mov	r3, #1024
 175 00bc C4F20103 		movt	r3, 16385
 176 00c0 4FF48062 		mov	r2, #1024
 177 00c4 C4F20102 		movt	r2, 16385
 178 00c8 9168     		ldr	r1, [r2, #8]
 179 00ca 7A68     		ldr	r2, [r7, #4]
 180 00cc 1268     		ldr	r2, [r2, #0]
 181 00ce 0A43     		orrs	r2, r2, r1
 182 00d0 9A60     		str	r2, [r3, #8]
 125:../StdPeripheralDriver/src/stm32f10x_exti.c **** 			EXTI ->FTSR |= EXTI_InitStruct->EXTI_Line;
 183              		.loc 1 125 0
 184 00d2 4FF48063 		mov	r3, #1024
 185 00d6 C4F20103 		movt	r3, 16385
 186 00da 4FF48062 		mov	r2, #1024
 187 00de C4F20102 		movt	r2, 16385
 188 00e2 D168     		ldr	r1, [r2, #12]
 189 00e4 7A68     		ldr	r2, [r7, #4]
 190 00e6 1268     		ldr	r2, [r2, #0]
 191 00e8 0A43     		orrs	r2, r2, r1
 192 00ea DA60     		str	r2, [r3, #12]
 193 00ec 1FE0     		b	.L2
 194              	.L4:
 126:../StdPeripheralDriver/src/stm32f10x_exti.c **** 		} else {
 127:../StdPeripheralDriver/src/stm32f10x_exti.c **** 			tmp = (uint32_t) EXTI_BASE;
 195              		.loc 1 127 0
 196 00ee 4FF48063 		mov	r3, #1024
 197 00f2 C4F20103 		movt	r3, 16385
 198 00f6 FB60     		str	r3, [r7, #12]
 128:../StdPeripheralDriver/src/stm32f10x_exti.c **** 			tmp += EXTI_InitStruct->EXTI_Trigger;
 199              		.loc 1 128 0
 200 00f8 7B68     		ldr	r3, [r7, #4]
 201 00fa 5B79     		ldrb	r3, [r3, #5]	@ zero_extendqisi2
 202 00fc FA68     		ldr	r2, [r7, #12]
 203 00fe D318     		adds	r3, r2, r3
 204 0100 FB60     		str	r3, [r7, #12]
 129:../StdPeripheralDriver/src/stm32f10x_exti.c **** 
 130:../StdPeripheralDriver/src/stm32f10x_exti.c **** 			*(__IO uint32_t *) tmp |= EXTI_InitStruct->EXTI_Line;
 205              		.loc 1 130 0
 206 0102 FB68     		ldr	r3, [r7, #12]
 207 0104 FA68     		ldr	r2, [r7, #12]
 208 0106 1168     		ldr	r1, [r2, #0]
 209 0108 7A68     		ldr	r2, [r7, #4]
 210 010a 1268     		ldr	r2, [r2, #0]
 211 010c 0A43     		orrs	r2, r2, r1
 212 010e 1A60     		str	r2, [r3, #0]
 213 0110 0DE0     		b	.L2
 214              	.L3:
 131:../StdPeripheralDriver/src/stm32f10x_exti.c **** 		}
 132:../StdPeripheralDriver/src/stm32f10x_exti.c **** 	} else {
 133:../StdPeripheralDriver/src/stm32f10x_exti.c **** 		tmp += EXTI_InitStruct->EXTI_Mode;
 215              		.loc 1 133 0
 216 0112 7B68     		ldr	r3, [r7, #4]
 217 0114 1B79     		ldrb	r3, [r3, #4]	@ zero_extendqisi2
 218 0116 FA68     		ldr	r2, [r7, #12]
 219 0118 D318     		adds	r3, r2, r3
 220 011a FB60     		str	r3, [r7, #12]
 134:../StdPeripheralDriver/src/stm32f10x_exti.c **** 
 135:../StdPeripheralDriver/src/stm32f10x_exti.c **** 		/* Disable the selected external lines */
 136:../StdPeripheralDriver/src/stm32f10x_exti.c **** 		*(__IO uint32_t *) tmp &= ~EXTI_InitStruct->EXTI_Line;
 221              		.loc 1 136 0
 222 011c FB68     		ldr	r3, [r7, #12]
 223 011e FA68     		ldr	r2, [r7, #12]
 224 0120 1168     		ldr	r1, [r2, #0]
 225 0122 7A68     		ldr	r2, [r7, #4]
 226 0124 1268     		ldr	r2, [r2, #0]
 227 0126 6FEA0202 		mvn	r2, r2
 228 012a 0A40     		ands	r2, r2, r1
 229 012c 1A60     		str	r2, [r3, #0]
 230              	.L2:
 137:../StdPeripheralDriver/src/stm32f10x_exti.c **** 	}
 138:../StdPeripheralDriver/src/stm32f10x_exti.c **** }
 231              		.loc 1 138 0
 232 012e 07F11407 		add	r7, r7, #20
 233 0132 BD46     		mov	sp, r7
 234 0134 80BC     		pop	{r7}
 235 0136 7047     		bx	lr
 236              		.cfi_endproc
 237              	.LFE30:
 239              		.section	.text.EXTI_StructInit,"ax",%progbits
 240              		.align	2
 241              		.global	EXTI_StructInit
 242              		.thumb
 243              		.thumb_func
 245              	EXTI_StructInit:
 246              	.LFB31:
 139:../StdPeripheralDriver/src/stm32f10x_exti.c **** 
 140:../StdPeripheralDriver/src/stm32f10x_exti.c **** /**
 141:../StdPeripheralDriver/src/stm32f10x_exti.c ****  * @brief  Fills each EXTI_InitStruct member with its reset value.
 142:../StdPeripheralDriver/src/stm32f10x_exti.c ****  * @param  EXTI_InitStruct: pointer to a EXTI_InitTypeDef structure which will
 143:../StdPeripheralDriver/src/stm32f10x_exti.c ****  *         be initialized.
 144:../StdPeripheralDriver/src/stm32f10x_exti.c ****  * @retval None
 145:../StdPeripheralDriver/src/stm32f10x_exti.c ****  */
 146:../StdPeripheralDriver/src/stm32f10x_exti.c **** void EXTI_StructInit(EXTI_InitTypeDef* EXTI_InitStruct) {
 247              		.loc 1 146 0
 248              		.cfi_startproc
 249              		@ args = 0, pretend = 0, frame = 8
 250              		@ frame_needed = 1, uses_anonymous_args = 0
 251              		@ link register save eliminated.
 252 0000 80B4     		push	{r7}
 253              	.LCFI5:
 254              		.cfi_def_cfa_offset 4
 255              		.cfi_offset 7, -4
 256 0002 83B0     		sub	sp, sp, #12
 257              	.LCFI6:
 258              		.cfi_def_cfa_offset 16
 259 0004 00AF     		add	r7, sp, #0
 260              	.LCFI7:
 261              		.cfi_def_cfa_register 7
 262 0006 7860     		str	r0, [r7, #4]
 147:../StdPeripheralDriver/src/stm32f10x_exti.c **** 	EXTI_InitStruct->EXTI_Line = EXTI_LINENONE;
 263              		.loc 1 147 0
 264 0008 7B68     		ldr	r3, [r7, #4]
 265 000a 4FF00002 		mov	r2, #0
 266 000e 1A60     		str	r2, [r3, #0]
 148:../StdPeripheralDriver/src/stm32f10x_exti.c **** 	EXTI_InitStruct->EXTI_Mode = EXTI_Mode_Interrupt;
 267              		.loc 1 148 0
 268 0010 7B68     		ldr	r3, [r7, #4]
 269 0012 4FF00002 		mov	r2, #0
 270 0016 1A71     		strb	r2, [r3, #4]
 149:../StdPeripheralDriver/src/stm32f10x_exti.c **** 	EXTI_InitStruct->EXTI_Trigger = EXTI_Trigger_Falling;
 271              		.loc 1 149 0
 272 0018 7B68     		ldr	r3, [r7, #4]
 273 001a 4FF00C02 		mov	r2, #12
 274 001e 5A71     		strb	r2, [r3, #5]
 150:../StdPeripheralDriver/src/stm32f10x_exti.c **** 	EXTI_InitStruct->EXTI_LineCmd = DISABLE;
 275              		.loc 1 150 0
 276 0020 7B68     		ldr	r3, [r7, #4]
 277 0022 4FF00002 		mov	r2, #0
 278 0026 9A71     		strb	r2, [r3, #6]
 151:../StdPeripheralDriver/src/stm32f10x_exti.c **** }
 279              		.loc 1 151 0
 280 0028 07F10C07 		add	r7, r7, #12
 281 002c BD46     		mov	sp, r7
 282 002e 80BC     		pop	{r7}
 283 0030 7047     		bx	lr
 284              		.cfi_endproc
 285              	.LFE31:
 287 0032 00BF     		.section	.text.EXTI_GenerateSWInterrupt,"ax",%progbits
 288              		.align	2
 289              		.global	EXTI_GenerateSWInterrupt
 290              		.thumb
 291              		.thumb_func
 293              	EXTI_GenerateSWInterrupt:
 294              	.LFB32:
 152:../StdPeripheralDriver/src/stm32f10x_exti.c **** 
 153:../StdPeripheralDriver/src/stm32f10x_exti.c **** /**
 154:../StdPeripheralDriver/src/stm32f10x_exti.c ****  * @brief  Generates a Software interrupt.
 155:../StdPeripheralDriver/src/stm32f10x_exti.c ****  * @param  EXTI_Line: specifies the EXTI lines to be enabled or disabled.
 156:../StdPeripheralDriver/src/stm32f10x_exti.c ****  *   This parameter can be any combination of EXTI_Linex where x can be (0..19).
 157:../StdPeripheralDriver/src/stm32f10x_exti.c ****  * @retval None
 158:../StdPeripheralDriver/src/stm32f10x_exti.c ****  */
 159:../StdPeripheralDriver/src/stm32f10x_exti.c **** void EXTI_GenerateSWInterrupt(uint32_t EXTI_Line) {
 295              		.loc 1 159 0
 296              		.cfi_startproc
 297              		@ args = 0, pretend = 0, frame = 8
 298              		@ frame_needed = 1, uses_anonymous_args = 0
 299              		@ link register save eliminated.
 300 0000 80B4     		push	{r7}
 301              	.LCFI8:
 302              		.cfi_def_cfa_offset 4
 303              		.cfi_offset 7, -4
 304 0002 83B0     		sub	sp, sp, #12
 305              	.LCFI9:
 306              		.cfi_def_cfa_offset 16
 307 0004 00AF     		add	r7, sp, #0
 308              	.LCFI10:
 309              		.cfi_def_cfa_register 7
 310 0006 7860     		str	r0, [r7, #4]
 160:../StdPeripheralDriver/src/stm32f10x_exti.c **** 	/* Check the parameters */
 161:../StdPeripheralDriver/src/stm32f10x_exti.c **** 	assert_param(IS_EXTI_LINE(EXTI_Line));
 162:../StdPeripheralDriver/src/stm32f10x_exti.c **** 
 163:../StdPeripheralDriver/src/stm32f10x_exti.c **** 	EXTI ->SWIER |= EXTI_Line;
 311              		.loc 1 163 0
 312 0008 4FF48063 		mov	r3, #1024
 313 000c C4F20103 		movt	r3, 16385
 314 0010 4FF48062 		mov	r2, #1024
 315 0014 C4F20102 		movt	r2, 16385
 316 0018 1169     		ldr	r1, [r2, #16]
 317 001a 7A68     		ldr	r2, [r7, #4]
 318 001c 0A43     		orrs	r2, r2, r1
 319 001e 1A61     		str	r2, [r3, #16]
 164:../StdPeripheralDriver/src/stm32f10x_exti.c **** }
 320              		.loc 1 164 0
 321 0020 07F10C07 		add	r7, r7, #12
 322 0024 BD46     		mov	sp, r7
 323 0026 80BC     		pop	{r7}
 324 0028 7047     		bx	lr
 325              		.cfi_endproc
 326              	.LFE32:
 328 002a 00BF     		.section	.text.EXTI_GetFlagStatus,"ax",%progbits
 329              		.align	2
 330              		.global	EXTI_GetFlagStatus
 331              		.thumb
 332              		.thumb_func
 334              	EXTI_GetFlagStatus:
 335              	.LFB33:
 165:../StdPeripheralDriver/src/stm32f10x_exti.c **** 
 166:../StdPeripheralDriver/src/stm32f10x_exti.c **** /**
 167:../StdPeripheralDriver/src/stm32f10x_exti.c ****  * @brief  Checks whether the specified EXTI line flag is set or not.
 168:../StdPeripheralDriver/src/stm32f10x_exti.c ****  * @param  EXTI_Line: specifies the EXTI line flag to check.
 169:../StdPeripheralDriver/src/stm32f10x_exti.c ****  *   This parameter can be:
 170:../StdPeripheralDriver/src/stm32f10x_exti.c ****  *     @arg EXTI_Linex: External interrupt line x where x(0..19)
 171:../StdPeripheralDriver/src/stm32f10x_exti.c ****  * @retval The new state of EXTI_Line (SET or RESET).
 172:../StdPeripheralDriver/src/stm32f10x_exti.c ****  */
 173:../StdPeripheralDriver/src/stm32f10x_exti.c **** FlagStatus EXTI_GetFlagStatus(uint32_t EXTI_Line) {
 336              		.loc 1 173 0
 337              		.cfi_startproc
 338              		@ args = 0, pretend = 0, frame = 16
 339              		@ frame_needed = 1, uses_anonymous_args = 0
 340              		@ link register save eliminated.
 341 0000 80B4     		push	{r7}
 342              	.LCFI11:
 343              		.cfi_def_cfa_offset 4
 344              		.cfi_offset 7, -4
 345 0002 85B0     		sub	sp, sp, #20
 346              	.LCFI12:
 347              		.cfi_def_cfa_offset 24
 348 0004 00AF     		add	r7, sp, #0
 349              	.LCFI13:
 350              		.cfi_def_cfa_register 7
 351 0006 7860     		str	r0, [r7, #4]
 174:../StdPeripheralDriver/src/stm32f10x_exti.c **** 	FlagStatus bitstatus = RESET;
 352              		.loc 1 174 0
 353 0008 4FF00003 		mov	r3, #0
 354 000c FB73     		strb	r3, [r7, #15]
 175:../StdPeripheralDriver/src/stm32f10x_exti.c **** 	/* Check the parameters */
 176:../StdPeripheralDriver/src/stm32f10x_exti.c **** 	assert_param(IS_GET_EXTI_LINE(EXTI_Line));
 177:../StdPeripheralDriver/src/stm32f10x_exti.c **** 
 178:../StdPeripheralDriver/src/stm32f10x_exti.c **** 	if ((EXTI ->PR & EXTI_Line) != (uint32_t) RESET) {
 355              		.loc 1 178 0
 356 000e 4FF48063 		mov	r3, #1024
 357 0012 C4F20103 		movt	r3, 16385
 358 0016 5A69     		ldr	r2, [r3, #20]
 359 0018 7B68     		ldr	r3, [r7, #4]
 360 001a 1340     		ands	r3, r3, r2
 361 001c 002B     		cmp	r3, #0
 362 001e 03D0     		beq	.L9
 179:../StdPeripheralDriver/src/stm32f10x_exti.c **** 		bitstatus = SET;
 363              		.loc 1 179 0
 364 0020 4FF00103 		mov	r3, #1
 365 0024 FB73     		strb	r3, [r7, #15]
 366 0026 02E0     		b	.L10
 367              	.L9:
 180:../StdPeripheralDriver/src/stm32f10x_exti.c **** 	} else {
 181:../StdPeripheralDriver/src/stm32f10x_exti.c **** 		bitstatus = RESET;
 368              		.loc 1 181 0
 369 0028 4FF00003 		mov	r3, #0
 370 002c FB73     		strb	r3, [r7, #15]
 371              	.L10:
 182:../StdPeripheralDriver/src/stm32f10x_exti.c **** 	}
 183:../StdPeripheralDriver/src/stm32f10x_exti.c **** 	return bitstatus;
 372              		.loc 1 183 0
 373 002e FB7B     		ldrb	r3, [r7, #15]	@ zero_extendqisi2
 184:../StdPeripheralDriver/src/stm32f10x_exti.c **** }
 374              		.loc 1 184 0
 375 0030 1846     		mov	r0, r3
 376 0032 07F11407 		add	r7, r7, #20
 377 0036 BD46     		mov	sp, r7
 378 0038 80BC     		pop	{r7}
 379 003a 7047     		bx	lr
 380              		.cfi_endproc
 381              	.LFE33:
 383              		.section	.text.EXTI_ClearFlag,"ax",%progbits
 384              		.align	2
 385              		.global	EXTI_ClearFlag
 386              		.thumb
 387              		.thumb_func
 389              	EXTI_ClearFlag:
 390              	.LFB34:
 185:../StdPeripheralDriver/src/stm32f10x_exti.c **** 
 186:../StdPeripheralDriver/src/stm32f10x_exti.c **** /**
 187:../StdPeripheralDriver/src/stm32f10x_exti.c ****  * @brief  Clears the EXTI's line pending flags.
 188:../StdPeripheralDriver/src/stm32f10x_exti.c ****  * @param  EXTI_Line: specifies the EXTI lines flags to clear.
 189:../StdPeripheralDriver/src/stm32f10x_exti.c ****  *   This parameter can be any combination of EXTI_Linex where x can be (0..19).
 190:../StdPeripheralDriver/src/stm32f10x_exti.c ****  * @retval None
 191:../StdPeripheralDriver/src/stm32f10x_exti.c ****  */
 192:../StdPeripheralDriver/src/stm32f10x_exti.c **** void EXTI_ClearFlag(uint32_t EXTI_Line) {
 391              		.loc 1 192 0
 392              		.cfi_startproc
 393              		@ args = 0, pretend = 0, frame = 8
 394              		@ frame_needed = 1, uses_anonymous_args = 0
 395              		@ link register save eliminated.
 396 0000 80B4     		push	{r7}
 397              	.LCFI14:
 398              		.cfi_def_cfa_offset 4
 399              		.cfi_offset 7, -4
 400 0002 83B0     		sub	sp, sp, #12
 401              	.LCFI15:
 402              		.cfi_def_cfa_offset 16
 403 0004 00AF     		add	r7, sp, #0
 404              	.LCFI16:
 405              		.cfi_def_cfa_register 7
 406 0006 7860     		str	r0, [r7, #4]
 193:../StdPeripheralDriver/src/stm32f10x_exti.c **** 	/* Check the parameters */
 194:../StdPeripheralDriver/src/stm32f10x_exti.c **** 	assert_param(IS_EXTI_LINE(EXTI_Line));
 195:../StdPeripheralDriver/src/stm32f10x_exti.c **** 
 196:../StdPeripheralDriver/src/stm32f10x_exti.c **** 	EXTI ->PR = EXTI_Line;
 407              		.loc 1 196 0
 408 0008 4FF48063 		mov	r3, #1024
 409 000c C4F20103 		movt	r3, 16385
 410 0010 7A68     		ldr	r2, [r7, #4]
 411 0012 5A61     		str	r2, [r3, #20]
 197:../StdPeripheralDriver/src/stm32f10x_exti.c **** }
 412              		.loc 1 197 0
 413 0014 07F10C07 		add	r7, r7, #12
 414 0018 BD46     		mov	sp, r7
 415 001a 80BC     		pop	{r7}
 416 001c 7047     		bx	lr
 417              		.cfi_endproc
 418              	.LFE34:
 420 001e 00BF     		.section	.text.EXTI_GetITStatus,"ax",%progbits
 421              		.align	2
 422              		.global	EXTI_GetITStatus
 423              		.thumb
 424              		.thumb_func
 426              	EXTI_GetITStatus:
 427              	.LFB35:
 198:../StdPeripheralDriver/src/stm32f10x_exti.c **** 
 199:../StdPeripheralDriver/src/stm32f10x_exti.c **** /**
 200:../StdPeripheralDriver/src/stm32f10x_exti.c ****  * @brief  Checks whether the specified EXTI line is asserted or not.
 201:../StdPeripheralDriver/src/stm32f10x_exti.c ****  * @param  EXTI_Line: specifies the EXTI line to check.
 202:../StdPeripheralDriver/src/stm32f10x_exti.c ****  *   This parameter can be:
 203:../StdPeripheralDriver/src/stm32f10x_exti.c ****  *     @arg EXTI_Linex: External interrupt line x where x(0..19)
 204:../StdPeripheralDriver/src/stm32f10x_exti.c ****  * @retval The new state of EXTI_Line (SET or RESET).
 205:../StdPeripheralDriver/src/stm32f10x_exti.c ****  */
 206:../StdPeripheralDriver/src/stm32f10x_exti.c **** ITStatus EXTI_GetITStatus(uint32_t EXTI_Line) {
 428              		.loc 1 206 0
 429              		.cfi_startproc
 430              		@ args = 0, pretend = 0, frame = 16
 431              		@ frame_needed = 1, uses_anonymous_args = 0
 432              		@ link register save eliminated.
 433 0000 80B4     		push	{r7}
 434              	.LCFI17:
 435              		.cfi_def_cfa_offset 4
 436              		.cfi_offset 7, -4
 437 0002 85B0     		sub	sp, sp, #20
 438              	.LCFI18:
 439              		.cfi_def_cfa_offset 24
 440 0004 00AF     		add	r7, sp, #0
 441              	.LCFI19:
 442              		.cfi_def_cfa_register 7
 443 0006 7860     		str	r0, [r7, #4]
 207:../StdPeripheralDriver/src/stm32f10x_exti.c **** 	ITStatus bitstatus = RESET;
 444              		.loc 1 207 0
 445 0008 4FF00003 		mov	r3, #0
 446 000c FB73     		strb	r3, [r7, #15]
 208:../StdPeripheralDriver/src/stm32f10x_exti.c **** 	uint32_t enablestatus = 0;
 447              		.loc 1 208 0
 448 000e 4FF00003 		mov	r3, #0
 449 0012 BB60     		str	r3, [r7, #8]
 209:../StdPeripheralDriver/src/stm32f10x_exti.c **** 	/* Check the parameters */
 210:../StdPeripheralDriver/src/stm32f10x_exti.c **** 	assert_param(IS_GET_EXTI_LINE(EXTI_Line));
 211:../StdPeripheralDriver/src/stm32f10x_exti.c **** 
 212:../StdPeripheralDriver/src/stm32f10x_exti.c **** 	enablestatus = EXTI ->IMR & EXTI_Line;
 450              		.loc 1 212 0
 451 0014 4FF48063 		mov	r3, #1024
 452 0018 C4F20103 		movt	r3, 16385
 453 001c 1A68     		ldr	r2, [r3, #0]
 454 001e 7B68     		ldr	r3, [r7, #4]
 455 0020 1340     		ands	r3, r3, r2
 456 0022 BB60     		str	r3, [r7, #8]
 213:../StdPeripheralDriver/src/stm32f10x_exti.c **** 	if (((EXTI ->PR & EXTI_Line) != (uint32_t) RESET)
 457              		.loc 1 213 0
 458 0024 4FF48063 		mov	r3, #1024
 459 0028 C4F20103 		movt	r3, 16385
 460 002c 5A69     		ldr	r2, [r3, #20]
 461 002e 7B68     		ldr	r3, [r7, #4]
 462 0030 1340     		ands	r3, r3, r2
 463 0032 002B     		cmp	r3, #0
 464 0034 06D0     		beq	.L14
 214:../StdPeripheralDriver/src/stm32f10x_exti.c **** 			&& (enablestatus != (uint32_t) RESET)) {
 465              		.loc 1 214 0
 466 0036 BB68     		ldr	r3, [r7, #8]
 467 0038 002B     		cmp	r3, #0
 468 003a 03D0     		beq	.L14
 215:../StdPeripheralDriver/src/stm32f10x_exti.c **** 		bitstatus = SET;
 469              		.loc 1 215 0
 470 003c 4FF00103 		mov	r3, #1
 471 0040 FB73     		strb	r3, [r7, #15]
 472 0042 02E0     		b	.L15
 473              	.L14:
 216:../StdPeripheralDriver/src/stm32f10x_exti.c **** 	} else {
 217:../StdPeripheralDriver/src/stm32f10x_exti.c **** 		bitstatus = RESET;
 474              		.loc 1 217 0
 475 0044 4FF00003 		mov	r3, #0
 476 0048 FB73     		strb	r3, [r7, #15]
 477              	.L15:
 218:../StdPeripheralDriver/src/stm32f10x_exti.c **** 	}
 219:../StdPeripheralDriver/src/stm32f10x_exti.c **** 	return bitstatus;
 478              		.loc 1 219 0
 479 004a FB7B     		ldrb	r3, [r7, #15]	@ zero_extendqisi2
 220:../StdPeripheralDriver/src/stm32f10x_exti.c **** }
 480              		.loc 1 220 0
 481 004c 1846     		mov	r0, r3
 482 004e 07F11407 		add	r7, r7, #20
 483 0052 BD46     		mov	sp, r7
 484 0054 80BC     		pop	{r7}
 485 0056 7047     		bx	lr
 486              		.cfi_endproc
 487              	.LFE35:
 489              		.section	.text.EXTI_ClearITPendingBit,"ax",%progbits
 490              		.align	2
 491              		.global	EXTI_ClearITPendingBit
 492              		.thumb
 493              		.thumb_func
 495              	EXTI_ClearITPendingBit:
 496              	.LFB36:
 221:../StdPeripheralDriver/src/stm32f10x_exti.c **** 
 222:../StdPeripheralDriver/src/stm32f10x_exti.c **** /**
 223:../StdPeripheralDriver/src/stm32f10x_exti.c ****  * @brief  Clears the EXTI's line pending bits.
 224:../StdPeripheralDriver/src/stm32f10x_exti.c ****  * @param  EXTI_Line: specifies the EXTI lines to clear.
 225:../StdPeripheralDriver/src/stm32f10x_exti.c ****  *   This parameter can be any combination of EXTI_Linex where x can be (0..19).
 226:../StdPeripheralDriver/src/stm32f10x_exti.c ****  * @retval None
 227:../StdPeripheralDriver/src/stm32f10x_exti.c ****  */
 228:../StdPeripheralDriver/src/stm32f10x_exti.c **** void EXTI_ClearITPendingBit(uint32_t EXTI_Line) {
 497              		.loc 1 228 0
 498              		.cfi_startproc
 499              		@ args = 0, pretend = 0, frame = 8
 500              		@ frame_needed = 1, uses_anonymous_args = 0
 501              		@ link register save eliminated.
 502 0000 80B4     		push	{r7}
 503              	.LCFI20:
 504              		.cfi_def_cfa_offset 4
 505              		.cfi_offset 7, -4
 506 0002 83B0     		sub	sp, sp, #12
 507              	.LCFI21:
 508              		.cfi_def_cfa_offset 16
 509 0004 00AF     		add	r7, sp, #0
 510              	.LCFI22:
 511              		.cfi_def_cfa_register 7
 512 0006 7860     		str	r0, [r7, #4]
 229:../StdPeripheralDriver/src/stm32f10x_exti.c **** 	/* Check the parameters */
 230:../StdPeripheralDriver/src/stm32f10x_exti.c **** 	assert_param(IS_EXTI_LINE(EXTI_Line));
 231:../StdPeripheralDriver/src/stm32f10x_exti.c **** 
 232:../StdPeripheralDriver/src/stm32f10x_exti.c **** 	EXTI ->PR = EXTI_Line;
 513              		.loc 1 232 0
 514 0008 4FF48063 		mov	r3, #1024
 515 000c C4F20103 		movt	r3, 16385
 516 0010 7A68     		ldr	r2, [r7, #4]
 517 0012 5A61     		str	r2, [r3, #20]
 233:../StdPeripheralDriver/src/stm32f10x_exti.c **** }
 518              		.loc 1 233 0
 519 0014 07F10C07 		add	r7, r7, #12
 520 0018 BD46     		mov	sp, r7
 521 001a 80BC     		pop	{r7}
 522 001c 7047     		bx	lr
 523              		.cfi_endproc
 524              	.LFE36:
 526 001e 00BF     		.text
 527              	.Letext0:
 528              		.file 2 "/home/frolls/ARM/gcc-arm-none-eabi-4_7-2012q4/bin/../lib/gcc/arm-none-eabi/4.7.3/../../..
 529              		.file 3 "/home/frolls/ARM/stm32vld_template/CMSIS/stm32f10x.h"
 530              		.file 4 "/home/frolls/ARM/stm32vld_template/StdPeripheralDriver/inc/stm32f10x_exti.h"
 531              		.file 5 "/home/frolls/ARM/stm32vld_template/CMSIS/core_cm3.h"
DEFINED SYMBOLS
                            *ABS*:00000000 stm32f10x_exti.c
     /tmp/ccXSy9pH.s:19     .text.EXTI_DeInit:00000000 $t
     /tmp/ccXSy9pH.s:24     .text.EXTI_DeInit:00000000 EXTI_DeInit
     /tmp/ccXSy9pH.s:73     .text.EXTI_Init:00000000 $t
     /tmp/ccXSy9pH.s:78     .text.EXTI_Init:00000000 EXTI_Init
     /tmp/ccXSy9pH.s:240    .text.EXTI_StructInit:00000000 $t
     /tmp/ccXSy9pH.s:245    .text.EXTI_StructInit:00000000 EXTI_StructInit
     /tmp/ccXSy9pH.s:288    .text.EXTI_GenerateSWInterrupt:00000000 $t
     /tmp/ccXSy9pH.s:293    .text.EXTI_GenerateSWInterrupt:00000000 EXTI_GenerateSWInterrupt
     /tmp/ccXSy9pH.s:329    .text.EXTI_GetFlagStatus:00000000 $t
     /tmp/ccXSy9pH.s:334    .text.EXTI_GetFlagStatus:00000000 EXTI_GetFlagStatus
     /tmp/ccXSy9pH.s:384    .text.EXTI_ClearFlag:00000000 $t
     /tmp/ccXSy9pH.s:389    .text.EXTI_ClearFlag:00000000 EXTI_ClearFlag
     /tmp/ccXSy9pH.s:421    .text.EXTI_GetITStatus:00000000 $t
     /tmp/ccXSy9pH.s:426    .text.EXTI_GetITStatus:00000000 EXTI_GetITStatus
     /tmp/ccXSy9pH.s:490    .text.EXTI_ClearITPendingBit:00000000 $t
     /tmp/ccXSy9pH.s:495    .text.EXTI_ClearITPendingBit:00000000 EXTI_ClearITPendingBit
                     .debug_frame:00000010 $d
                           .group:00000000 wm4.1.3f2d2167d278fc96c4a7439609634148
                           .group:00000000 wm4.stm32f10x.h.51.643d5396a325ce00fe75ea490db6ba44
                           .group:00000000 wm4.core_cm3.h.25.d35e9a9b04ec4aaebae9bf79fff061f9
                           .group:00000000 wm4.stdint.h.10.90b695f550ca6cc3fb08fa83baf01e05
                           .group:00000000 wm4.core_cm3.h.113.b286929a54d33b4c8909a7132437b244
                           .group:00000000 wm4.stm32f10x.h.524.bbf52ca28bdf7ef267115429e0387679
                           .group:00000000 wm4.stm32f10x_conf.h.9.3838e46d9de2be24c7ed73296c5ae8b5
                           .group:00000000 wm4.stm32f10x.h.8267.abe69e40cf43ea9673cb5d472d4b6964
                           .group:00000000 wm4.stm32f10x_exti.h.54.191f91a542f1d132624ac79a8581854e

NO UNDEFINED SYMBOLS
